=== Running download-100MiB-1x.run.json with regular APIs ===
Start time: 12/31/2025 18:31:04


Workload Configuration:
- MaxRepeatCount: 10
- MaxRepeatSecs: 600
- FilesOnDisk: True
- WithResponseApis: False

Tasks:
- Task: action=download, size=104,857,600 bytes, key=download/100MiB-1x/1

Total bytes per run: 104,857,600

Run:1 Secs:1.645152 Gb/s:0.509899
Run:2 Secs:1.154545 Gb/s:0.726572
Run:3 Secs:1.152363 Gb/s:0.727948
Run:4 Secs:1.152977 Gb/s:0.727561
Run:5 Secs:1.152069 Gb/s:0.728134
Run:6 Secs:1.153408 Gb/s:0.727289
Run:7 Secs:1.190499 Gb/s:0.704630
Run:8 Secs:1.152765 Gb/s:0.727694
Run:9 Secs:1.153392 Gb/s:0.727299
Run:10 Secs:1.153457 Gb/s:0.727258

End time: 12/31/2025 18:31:19
