=== Running download-5GiB-1x-ram.run.json with WithResponse APIs ===
Start time: 12/31/2025 18:55:20


Workload Configuration:
- MaxRepeatCount: 10
- MaxRepeatSecs: 600
- FilesOnDisk: False
- WithResponseApis: True

Tasks:
- Task: action=download, size=5,368,709,120 bytes, key=download/5GiB-1x/1

Total bytes per run: 5,368,709,120

Run:1 Secs:2.361272 Gb/s:18.189213
Run:2 Secs:1.551169 Gb/s:27.688591
Run:3 Secs:1.671741 Gb/s:25.691579
Run:4 Secs:1.596298 Gb/s:26.905802
Run:5 Secs:1.827974 Gb/s:23.495781
Run:6 Secs:1.530330 Gb/s:28.065621
Run:7 Secs:1.617442 Gb/s:26.554076
Run:8 Secs:1.927766 Gb/s:22.279509
Run:9 Secs:2.048924 Gb/s:20.962059
Run:10 Secs:1.998990 Gb/s:21.485681

End time: 12/31/2025 18:55:41
