=== Running download-5GiB-1x.run.json with regular APIs ===
Start time: 12/30/2025 14:15:58



Workload Configuration:

- MaxRepeatCount: 10

- MaxRepeatSecs: 600

- FilesOnDisk: True

- WithResponseApis: False



Tasks:

- Task: action=download, size=5,368,709,120 bytes, key=download/5GiB-1x/1



Total bytes per run: 5,368,709,120



Run:1 Secs:54.007944 Gb/s:0.795247

Run:2 Secs:53.796209 Gb/s:0.798377

Run:3 Secs:53.792338 Gb/s:0.798435

Run:4 Secs:53.792122 Gb/s:0.798438

Run:5 Secs:53.791989 Gb/s:0.798440

Run:6 Secs:53.794562 Gb/s:0.798402

Run:7 Secs:53.804890 Gb/s:0.798249

Run:8 Secs:53.793792 Gb/s:0.798413

Run:9 Secs:53.794047 Gb/s:0.798409

Run:10 Secs:53.792712 Gb/s:0.798429


End time: 12/30/2025 14:25:04
