=== Running download-30GiB-1x-ram.run.json with WithResponse APIs ===
Start time: 12/30/2025 00:37:11



Workload Configuration:

- MaxRepeatCount: 10

- MaxRepeatSecs: 100000

- FilesOnDisk: False

- WithResponseApis: True



Tasks:

- Task: action=download, size=32,212,254,720 bytes, key=download/30GiB-1x/1



Total bytes per run: 32,212,254,720



Run:1 Secs:15.961012 Gb/s:16.145470

Run:2 Secs:13.592648 Gb/s:18.958634

Run:3 Secs:12.591834 Gb/s:20.465489

Run:4 Secs:10.972919 Gb/s:23.484911

Run:5 Secs:12.284866 Gb/s:20.976871

Run:6 Secs:12.373448 Gb/s:20.826696

Run:7 Secs:11.453145 Gb/s:22.500199

Run:8 Secs:12.279113 Gb/s:20.986698

Run:9 Secs:11.759356 Gb/s:21.914298

Run:10 Secs:12.383075 Gb/s:20.810504


End time: 12/30/2025 00:39:20
