=== Running download-5GiB-1x.run.json with WithResponse APIs ===
Start time: 12/30/2025 14:25:04



Workload Configuration:

- MaxRepeatCount: 10

- MaxRepeatSecs: 600

- FilesOnDisk: True

- WithResponseApis: True



Tasks:

- Task: action=download, size=5,368,709,120 bytes, key=download/5GiB-1x/1



Total bytes per run: 5,368,709,120



Run:1 Secs:7.838663 Gb/s:5.479209

Run:2 Secs:9.593901 Gb/s:4.476768

Run:3 Secs:8.533800 Gb/s:5.032890

Run:4 Secs:9.050005 Gb/s:4.745818

Run:5 Secs:9.994081 Gb/s:4.297511

Run:6 Secs:10.139421 Gb/s:4.235910

Run:7 Secs:10.123748 Gb/s:4.242468

Run:8 Secs:7.736384 Gb/s:5.551647

Run:9 Secs:9.455852 Gb/s:4.542126

Run:10 Secs:10.037238 Gb/s:4.279033


End time: 12/30/2025 14:26:41
