=== Running download-30GiB-1x.run.json with regular APIs ===
Start time: 12/30/2025 15:32:02



Workload Configuration:

- MaxRepeatCount: 10

- MaxRepeatSecs: 100000

- FilesOnDisk: True

- WithResponseApis: False



Tasks:

- Task: action=download, size=32,212,254,720 bytes, key=download/30GiB-1x/1



Total bytes per run: 32,212,254,720



Run:1 Secs:356.463630 Gb/s:0.722929

Run:2 Secs:349.577254 Gb/s:0.737170

Run:3 Secs:322.435707 Gb/s:0.799223

Run:4 Secs:322.255430 Gb/s:0.799670

Run:5 Secs:322.269444 Gb/s:0.799635

Run:6 Secs:361.575029 Gb/s:0.712710

Run:7 Secs:403.803499 Gb/s:0.638177

Run:8 Secs:382.002204 Gb/s:0.674598

Run:9 Secs:327.280682 Gb/s:0.787392

Run:10 Secs:322.945177 Gb/s:0.797962


End time: 12/30/2025 16:30:32
