=== Running download-5GiB-1x-ram.run.json with regular APIs ===
Start time: 12/30/2025 15:21:21



Workload Configuration:

- MaxRepeatCount: 10

- MaxRepeatSecs: 600

- FilesOnDisk: False

- WithResponseApis: False



Tasks:

- Task: action=download, size=5,368,709,120 bytes, key=download/5GiB-1x/1



Total bytes per run: 5,368,709,120



Run:1 Secs:54.164207 Gb/s:0.792953

Run:2 Secs:53.715310 Gb/s:0.799580

Run:3 Secs:53.700868 Gb/s:0.799795

Run:4 Secs:53.691885 Gb/s:0.799929

Run:5 Secs:53.691257 Gb/s:0.799938

Run:6 Secs:53.702989 Gb/s:0.799763

Run:7 Secs:53.701430 Gb/s:0.799786

Run:8 Secs:54.171484 Gb/s:0.792847

Run:9 Secs:53.698615 Gb/s:0.799828

Run:10 Secs:53.722447 Gb/s:0.799474


End time: 12/30/2025 15:30:21
