=== Running download-30GiB-1x.run.json with WithResponse APIs ===
Start time: 12/30/2025 16:30:32



Workload Configuration:

- MaxRepeatCount: 10

- MaxRepeatSecs: 100000

- FilesOnDisk: True

- WithResponseApis: True



Tasks:

- Task: action=download, size=32,212,254,720 bytes, key=download/30GiB-1x/1



Total bytes per run: 32,212,254,720



Run:1 Secs:461.892674 Gb/s:0.557918

Run:2 Secs:443.202772 Gb/s:0.581445

Download failed: There is not enough space on the disk.





Error during run 3:

- Message: Download failed for download/30GiB-1x/1

- Stack trace:    at S3BenchRunner.TransferUtilityBenchmarkRunner.<<RunAsync>b__2_1>d.MoveNext() in C:\dev\repos\aws-crt-s3-benchmarks\runners\s3-benchrunner-dotnet\S3BenchRunner\TransferUtilityBenchmarkRunner.cs:line 25

--- End of stack trace from previous location where exception was thrown ---

   at System.Runtime.ExceptionServices.ExceptionDispatchInfo.Throw()

   at System.Runtime.CompilerServices.TaskAwaiter.HandleNonSuccessAndDebuggerNotification(Task task)

   at S3BenchRunner.TransferUtilityBenchmarkRunner.<RunAsync>d__2.MoveNext() in C:\dev\repos\aws-crt-s3-benchmarks\runners\s3-benchrunner-dotnet\S3BenchRunner\TransferUtilityBenchmarkRunner.cs:line 43

--- End of stack trace from previous location where exception was thrown ---

   at System.Runtime.ExceptionServices.ExceptionDispatchInfo.Throw()

   at S3BenchRunner.Program.<>c.<<Main>b__0_1>d.MoveNext() in C:\dev\repos\aws-crt-s3-benchmarks\runners\s3-benchrunner-dotnet\S3BenchRunner\Program.cs:line 126




End time: 12/30/2025 16:46:12
