=== Running download-5GiB-1x.run.json with WithResponse APIs ===
Start time: 12/30/2025 15:14:09



Workload Configuration:

- MaxRepeatCount: 10

- MaxRepeatSecs: 600

- FilesOnDisk: True

- WithResponseApis: True



Tasks:

- Task: action=download, size=5,368,709,120 bytes, key=download/5GiB-1x/1



Total bytes per run: 5,368,709,120



Run:1 Secs:69.006135 Gb/s:0.622404

Run:2 Secs:70.298969 Gb/s:0.610957

Run:3 Secs:69.745094 Gb/s:0.615809

Run:4 Secs:70.558602 Gb/s:0.608709

Run:5 Secs:70.052814 Gb/s:0.613104

Run:6 Secs:69.368259 Gb/s:0.619155

Download failed: There is not enough space on the disk.





Error during run 7:

- Message: Download failed for download/5GiB-1x/1

- Stack trace:    at S3BenchRunner.TransferUtilityBenchmarkRunner.<<RunAsync>b__2_1>d.MoveNext() in C:\dev\repos\aws-crt-s3-benchmarks\runners\s3-benchrunner-dotnet\S3BenchRunner\TransferUtilityBenchmarkRunner.cs:line 25

--- End of stack trace from previous location where exception was thrown ---

   at System.Runtime.ExceptionServices.ExceptionDispatchInfo.Throw()

   at System.Runtime.CompilerServices.TaskAwaiter.HandleNonSuccessAndDebuggerNotification(Task task)

   at S3BenchRunner.TransferUtilityBenchmarkRunner.<RunAsync>d__2.MoveNext() in C:\dev\repos\aws-crt-s3-benchmarks\runners\s3-benchrunner-dotnet\S3BenchRunner\TransferUtilityBenchmarkRunner.cs:line 43

--- End of stack trace from previous location where exception was thrown ---

   at System.Runtime.ExceptionServices.ExceptionDispatchInfo.Throw()

   at S3BenchRunner.Program.<>c.<<Main>b__0_1>d.MoveNext() in C:\dev\repos\aws-crt-s3-benchmarks\runners\s3-benchrunner-dotnet\S3BenchRunner\Program.cs:line 126




End time: 12/30/2025 15:21:21
