=== Running download-100MiB-1x.run.json with regular APIs ===
Start time: 12/31/2025 19:40:21


Workload Configuration:
- MaxRepeatCount: 10
- MaxRepeatSecs: 600
- FilesOnDisk: True
- WithResponseApis: False

Tasks:
- Task: action=download, size=104,857,600 bytes, key=download/100MiB-1x/1

Total bytes per run: 104,857,600

Run:1 Secs:1.716300 Gb/s:0.488761
Run:2 Secs:1.154661 Gb/s:0.726499
Run:3 Secs:1.152861 Gb/s:0.727634
Run:4 Secs:1.152349 Gb/s:0.727957
Run:5 Secs:1.152632 Gb/s:0.727778
Run:6 Secs:1.151992 Gb/s:0.728183
Run:7 Secs:1.151913 Gb/s:0.728233
Run:8 Secs:1.151210 Gb/s:0.728678
Run:9 Secs:1.152466 Gb/s:0.727884
Run:10 Secs:1.151902 Gb/s:0.728239

End time: 12/31/2025 19:40:36
